
> budget-management@0.1.0 dev
> next dev

[baseline-browser-mapping] The data in this module is over two months old.  To ensure accurate Baseline data, please update: `npm i baseline-browser-mapping@latest -D`
   ▲ Next.js 16.0.5 (Turbopack)
   - Local:         http://localhost:3000
   - Network:       http://192.168.0.2:3000

 ✓ Starting...
 ✓ Ready in 1850ms
 ○ Compiling / ...
 GET / 200 in 6.6s (compile: 6.1s, render: 443ms)
Error: Supabaseの環境変数(NEXT_PUBLIC_SUPABASE_URL/NEXT_PUBLIC_SUPABASE_ANON_KEY)が設定されていません。
    at getSupabaseClient (app/lib/supabaseClient.ts:12:11)
    at GET (app/api/initial-data/route.ts:73:39)
  10 |
  11 |   if (!supabaseUrl || !supabaseKey) {
> 12 |     throw new Error(
     |           ^
  13 |       "Supabaseの環境変数(NEXT_PUBLIC_SUPABASE_URL/NEXT_PUBLIC_SUPABASE_ANON_KEY)が設定されていません。"
  14 |     );
  15 |   }
 GET /api/initial-data 500 in 1210ms (compile: 969ms, render: 242ms)
 GET / 200 in 74ms (compile: 6ms, render: 68ms)
Error: Supabaseの環境変数(NEXT_PUBLIC_SUPABASE_URL/NEXT_PUBLIC_SUPABASE_ANON_KEY)が設定されていません。
    at getSupabaseClient (app/lib/supabaseClient.ts:12:11)
    at GET (app/api/initial-data/route.ts:73:39)
  10 |
  11 |   if (!supabaseUrl || !supabaseKey) {
> 12 |     throw new Error(
     |           ^
  13 |       "Supabaseの環境変数(NEXT_PUBLIC_SUPABASE_URL/NEXT_PUBLIC_SUPABASE_ANON_KEY)が設定されていません。"
  14 |     );
  15 |   }
 GET /api/initial-data 500 in 151ms (compile: 3ms, render: 147ms)
 GET / 200 in 188ms (compile: 63ms, render: 124ms)
Error: Supabaseの環境変数(NEXT_PUBLIC_SUPABASE_URL/NEXT_PUBLIC_SUPABASE_ANON_KEY)が設定されていません。
    at getSupabaseClient (app/lib/supabaseClient.ts:12:11)
    at GET (app/api/initial-data/route.ts:73:39)
  10 |
  11 |   if (!supabaseUrl || !supabaseKey) {
> 12 |     throw new Error(
     |           ^
  13 |       "Supabaseの環境変数(NEXT_PUBLIC_SUPABASE_URL/NEXT_PUBLIC_SUPABASE_ANON_KEY)が設定されていません。"
  14 |     );
  15 |   }
 GET /api/initial-data 500 in 101ms (compile: 3ms, render: 98ms)
